<?xml version="1.0" encoding="UTF-8"?>
<testng-results skipped="0" failed="0" ignored="0" total="1" passed="1">
  <reporter-output>
  </reporter-output>
  <suite name="Default suite" duration-ms="23334" started-at="2020-01-05T20:15:00Z" finished-at="2020-01-05T20:15:23Z">
    <groups>
    </groups>
    <test name="Default test" duration-ms="23334" started-at="2020-01-05T20:15:00Z" finished-at="2020-01-05T20:15:23Z">
      <class name="com.amazon.testcases.ProductPageTest">
        <test-method status="PASS" signature="setUp()[pri:0, instance:com.amazon.testcases.ProductPageTest@4501b7af]" name="setUp" is-config="true" duration-ms="21052" started-at="2020-01-05T20:15:00Z" finished-at="2020-01-05T20:15:21Z">
          <reporter-output>
          </reporter-output>
        </test-method> <!-- setUp -->
        <test-method status="PASS" signature="verifyAddCartOption()[pri:1, instance:com.amazon.testcases.ProductPageTest@4501b7af]" name="verifyAddCartOption" duration-ms="1352" started-at="2020-01-05T20:15:21Z" finished-at="2020-01-05T20:15:22Z">
          <reporter-output>
          </reporter-output>
        </test-method> <!-- verifyAddCartOption -->
        <test-method status="PASS" signature="tearDown()[pri:0, instance:com.amazon.testcases.ProductPageTest@4501b7af]" name="tearDown" is-config="true" duration-ms="913" started-at="2020-01-05T20:15:22Z" finished-at="2020-01-05T20:15:23Z">
          <reporter-output>
          </reporter-output>
        </test-method> <!-- tearDown -->
      </class> <!-- com.amazon.testcases.ProductPageTest -->
    </test> <!-- Default test -->
  </suite> <!-- Default suite -->
</testng-results>
